INFO Thread-0 eu.qualimaster.algorithms.imp.correlation.results.Server - Server started. Waiting for connections
INFO Thread-1 eu.qualimaster.algorithms.imp.correlation.results.Server - Server started. Waiting for connections
INFO Thread-0 eu.qualimaster.algorithms.imp.correlation.results.Server - Server started. Waiting for connections
INFO Thread-1 eu.qualimaster.algorithms.imp.correlation.results.Server - Server started. Waiting for connections
INFO Thread-0 eu.qualimaster.algorithms.imp.correlation.results.Server - Server started. Waiting for connections
INFO Thread-1 eu.qualimaster.algorithms.imp.correlation.results.Server - Server started. Waiting for connections
INFO Thread-0 eu.qualimaster.algorithms.imp.correlation.results.Server - Server started. Waiting for connections
INFO Thread-1 eu.qualimaster.algorithms.imp.correlation.results.Server - Server started. Waiting for connections
INFO Thread-2 eu.qualimaster.algorithms.imp.correlation.results.DataProducerDataHandler - eu.qualimaster.algorithms.imp.correlation.results.DataProducerDataHandler started.
ERROR Thread-1 eu.qualimaster.algorithms.imp.correlation.results.Server - 
java.io.EOFException
	at java.io.ObjectInputStream$PeekInputStream.readFully(ObjectInputStream.java:2325)
	at java.io.ObjectInputStream$BlockDataInputStream.readShort(ObjectInputStream.java:2794)
	at java.io.ObjectInputStream.readStreamHeader(ObjectInputStream.java:801)
	at java.io.ObjectInputStream.<init>(ObjectInputStream.java:299)
	at eu.qualimaster.algorithms.imp.correlation.results.DataProducerDataHandler.<init>(DataProducerDataHandler.java:25)
	at eu.qualimaster.algorithms.imp.correlation.results.Server$ServerRunnable.run(Server.java:65)
	at java.lang.Thread.run(Thread.java:745)
ERROR Thread-1 eu.qualimaster.algorithms.imp.correlation.results.Server - 
java.io.EOFException
	at java.io.ObjectInputStream$PeekInputStream.readFully(ObjectInputStream.java:2325)
	at java.io.ObjectInputStream$BlockDataInputStream.readShort(ObjectInputStream.java:2794)
	at java.io.ObjectInputStream.readStreamHeader(ObjectInputStream.java:801)
	at java.io.ObjectInputStream.<init>(ObjectInputStream.java:299)
	at eu.qualimaster.algorithms.imp.correlation.results.DataProducerDataHandler.<init>(DataProducerDataHandler.java:25)
	at eu.qualimaster.algorithms.imp.correlation.results.Server$ServerRunnable.run(Server.java:65)
	at java.lang.Thread.run(Thread.java:745)
ERROR Thread-1 eu.qualimaster.algorithms.imp.correlation.results.Server - 
java.io.EOFException
	at java.io.ObjectInputStream$PeekInputStream.readFully(ObjectInputStream.java:2325)
	at java.io.ObjectInputStream$BlockDataInputStream.readShort(ObjectInputStream.java:2794)
	at java.io.ObjectInputStream.readStreamHeader(ObjectInputStream.java:801)
	at java.io.ObjectInputStream.<init>(ObjectInputStream.java:299)
	at eu.qualimaster.algorithms.imp.correlation.results.DataProducerDataHandler.<init>(DataProducerDataHandler.java:25)
	at eu.qualimaster.algorithms.imp.correlation.results.Server$ServerRunnable.run(Server.java:65)
	at java.lang.Thread.run(Thread.java:745)
INFO Thread-0 eu.qualimaster.algorithms.imp.correlation.results.Server - Server started. Waiting for connections
INFO Thread-1 eu.qualimaster.algorithms.imp.correlation.results.Server - Server started. Waiting for connections
INFO Thread-2 eu.qualimaster.algorithms.imp.correlation.results.DataProducerDataHandler - eu.qualimaster.algorithms.imp.correlation.results.DataProducerDataHandler started.
INFO Thread-3 eu.qualimaster.algorithms.imp.correlation.results.DataProducerDataHandler - eu.qualimaster.algorithms.imp.correlation.results.DataProducerDataHandler started.
INFO Thread-4 eu.qualimaster.algorithms.imp.correlation.results.DataProducerDataHandler - eu.qualimaster.algorithms.imp.correlation.results.DataProducerDataHandler started.
INFO Thread-1 eu.qualimaster.algorithms.imp.correlation.results.Server - Server started. Waiting for connections
INFO Thread-0 eu.qualimaster.algorithms.imp.correlation.results.Server - Server started. Waiting for connections
INFO Thread-2 eu.qualimaster.algorithms.imp.correlation.results.DataProducerDataHandler - eu.qualimaster.algorithms.imp.correlation.results.DataProducerDataHandler started.
INFO Thread-3 eu.qualimaster.algorithms.imp.correlation.results.DataProducerDataHandler - eu.qualimaster.algorithms.imp.correlation.results.DataConsumerDataHandler started.
INFO Thread-2 eu.qualimaster.algorithms.imp.correlation.results.DataProducerDataHandler - [producer] Got symbols
INFO Thread-2 eu.qualimaster.algorithms.imp.correlation.results.DataProducerDataHandler - financial
INFO Thread-2 eu.qualimaster.algorithms.imp.correlation.results.DataProducerDataHandler - [producer] Got symbols
INFO Thread-2 eu.qualimaster.algorithms.imp.correlation.results.DataProducerDataHandler - web
INFO Thread-3 eu.qualimaster.algorithms.imp.correlation.results.DataProducerDataHandler - [consumer] got sendSymbolsList
INFO Thread-4 eu.qualimaster.algorithms.imp.correlation.results.DataProducerDataHandler - eu.qualimaster.algorithms.imp.correlation.results.DataConsumerDataHandler started.
INFO Thread-4 eu.qualimaster.algorithms.imp.correlation.results.DataProducerDataHandler - [consumer] got sendSymbolsList
INFO Thread-3 eu.qualimaster.algorithms.imp.correlation.results.DataProducerDataHandler - [consumer] got startResults
INFO Thread-4 eu.qualimaster.algorithms.imp.correlation.results.DataProducerDataHandler - [consumer] got startResults
INFO Thread-2 eu.qualimaster.algorithms.imp.correlation.results.DataProducerDataHandler - [producer] Got result: f,symbol1,symbol2,0.4764236667814995
INFO Thread-2 eu.qualimaster.algorithms.imp.correlation.results.DataProducerDataHandler - [producer] Got result: w,symbol1,symbol2,0.8328076202243372
INFO Thread-2 eu.qualimaster.algorithms.imp.correlation.results.DataProducerDataHandler - [producer] Got result: w,symbol1,symbol2,0.4498217720901838
INFO Thread-2 eu.qualimaster.algorithms.imp.correlation.results.DataProducerDataHandler - [producer] Got result: w,symbol1,symbol2,0.5085363678537859
INFO Thread-2 eu.qualimaster.algorithms.imp.correlation.results.DataProducerDataHandler - [producer] Got result: w,symbol1,symbol2,0.8190357243367364
INFO Thread-2 eu.qualimaster.algorithms.imp.correlation.results.DataProducerDataHandler - [producer] Got result: w,symbol1,symbol2,0.5068994123751046
INFO Thread-2 eu.qualimaster.algorithms.imp.correlation.results.DataProducerDataHandler - [producer] Got result: w,symbol1,symbol2,0.5221937481761951
INFO Thread-2 eu.qualimaster.algorithms.imp.correlation.results.DataProducerDataHandler - [producer] Got result: w,symbol1,symbol2,0.8361993424532818
INFO Thread-2 eu.qualimaster.algorithms.imp.correlation.results.DataProducerDataHandler - [producer] Got result: w,symbol1,symbol2,0.36537347281702803
INFO Thread-2 eu.qualimaster.algorithms.imp.correlation.results.DataProducerDataHandler - [producer] Got result: f,symbol1,symbol2,0.4469137877774261
INFO Thread-4 eu.qualimaster.algorithms.imp.correlation.results.DataProducerDataHandler - [consumer] got stopResults
INFO Thread-3 eu.qualimaster.algorithms.imp.correlation.results.DataProducerDataHandler - [consumer] got startResults
INFO Thread-2 eu.qualimaster.algorithms.imp.correlation.results.DataProducerDataHandler - [producer] Got result: w,symbol1,symbol2,0.4541272792643779
INFO Thread-2 eu.qualimaster.algorithms.imp.correlation.results.DataProducerDataHandler - [producer] Got result: w,symbol1,symbol2,0.6116913503742205
INFO Thread-2 eu.qualimaster.algorithms.imp.correlation.results.DataProducerDataHandler - [producer] Got result: w,symbol1,symbol2,0.2317636242798352
INFO Thread-2 eu.qualimaster.algorithms.imp.correlation.results.DataProducerDataHandler - [producer] Got result: w,symbol1,symbol2,0.6541197837852559
INFO Thread-2 eu.qualimaster.algorithms.imp.correlation.results.DataProducerDataHandler - [producer] Got result: w,symbol1,symbol2,0.0901993135543736
INFO Thread-4 eu.qualimaster.algorithms.imp.correlation.results.DataProducerDataHandler - [consumer] got startResults
INFO Thread-2 eu.qualimaster.algorithms.imp.correlation.results.DataProducerDataHandler - [producer] Got result: f,symbol1,symbol2,0.42278579709527764
INFO Thread-2 eu.qualimaster.algorithms.imp.correlation.results.DataProducerDataHandler - [producer] Got result: f,symbol1,symbol2,0.7763729413152078
INFO Thread-2 eu.qualimaster.algorithms.imp.correlation.results.DataProducerDataHandler - [producer] Got result: f,symbol1,symbol2,0.2797077042519046
INFO Thread-2 eu.qualimaster.algorithms.imp.correlation.results.DataProducerDataHandler - [producer] Got result: f,symbol1,symbol2,0.696028458383877
INFO Thread-2 eu.qualimaster.algorithms.imp.correlation.results.DataProducerDataHandler - [producer] Got result: f,symbol1,symbol2,0.4235565524641288
INFO Thread-3 eu.qualimaster.algorithms.imp.correlation.results.DataProducerDataHandler - [consumer] got stopResults
INFO Thread-2 eu.qualimaster.algorithms.imp.correlation.results.DataProducerDataHandler - [producer] Got result: w,symbol1,symbol2,0.022803047565854717
INFO Thread-2 eu.qualimaster.algorithms.imp.correlation.results.DataProducerDataHandler - [producer] Got result: w,symbol1,symbol2,0.6929146607329301
INFO Thread-2 eu.qualimaster.algorithms.imp.correlation.results.DataProducerDataHandler - [producer] Got result: w,symbol1,symbol2,0.20027564700939626
INFO Thread-2 eu.qualimaster.algorithms.imp.correlation.results.DataProducerDataHandler - [producer] Got result: w,symbol1,symbol2,0.4535027274814938
INFO Thread-2 eu.qualimaster.algorithms.imp.correlation.results.DataProducerDataHandler - [producer] Got result: w,symbol1,symbol2,0.8148647033329742
ERROR Thread-4 eu.qualimaster.algorithms.imp.correlation.results.DataProducerDataHandler - Socket is closed
java.net.SocketException: Socket is closed
	at java.net.Socket.getOutputStream(Socket.java:916)
	at eu.qualimaster.algorithms.imp.correlation.results.DataConsumerDataHandler.run(DataConsumerDataHandler.java:68)
	at java.lang.Thread.run(Thread.java:745)
INFO Thread-3 eu.qualimaster.algorithms.imp.correlation.results.DataProducerDataHandler - [consumer] got sendSymbolsList
ERROR Thread-3 eu.qualimaster.algorithms.imp.correlation.results.DataProducerDataHandler - Socket is closed
java.net.SocketException: Socket is closed
	at java.net.Socket.getOutputStream(Socket.java:916)
	at eu.qualimaster.algorithms.imp.correlation.results.DataConsumerDataHandler.run(DataConsumerDataHandler.java:68)
	at java.lang.Thread.run(Thread.java:745)
ERROR Thread-2 eu.qualimaster.algorithms.imp.correlation.results.DataProducerDataHandler - 
java.io.EOFException
	at java.io.ObjectInputStream$BlockDataInputStream.peekByte(ObjectInputStream.java:2598)
	at java.io.ObjectInputStream.readObject0(ObjectInputStream.java:1318)
	at java.io.ObjectInputStream.readObject(ObjectInputStream.java:370)
	at eu.qualimaster.algorithms.imp.correlation.results.DataProducerDataHandler.run(DataProducerDataHandler.java:34)
	at java.lang.Thread.run(Thread.java:745)
ERROR Thread-2 eu.qualimaster.algorithms.imp.correlation.results.DataProducerDataHandler - Socket is closed
java.net.SocketException: Socket is closed
	at java.net.Socket.getOutputStream(Socket.java:916)
	at eu.qualimaster.algorithms.imp.correlation.results.DataProducerDataHandler.run(DataProducerDataHandler.java:67)
	at java.lang.Thread.run(Thread.java:745)
INFO Thread-0 eu.qualimaster.algorithms.imp.correlation.results.Server - Server started. Waiting for connections
INFO Thread-1 eu.qualimaster.algorithms.imp.correlation.results.Server - Server started. Waiting for connections
INFO Thread-2 eu.qualimaster.algorithms.imp.correlation.results.DataProducerDataHandler - eu.qualimaster.algorithms.imp.correlation.results.DataProducerDataHandler started.
INFO Thread-3 eu.qualimaster.algorithms.imp.correlation.results.DataProducerDataHandler - eu.qualimaster.algorithms.imp.correlation.results.DataConsumerDataHandler started.
INFO Thread-4 eu.qualimaster.algorithms.imp.correlation.results.DataProducerDataHandler - eu.qualimaster.algorithms.imp.correlation.results.DataConsumerDataHandler started.
INFO Thread-2 eu.qualimaster.algorithms.imp.correlation.results.DataProducerDataHandler - [producer] Got symbols
INFO Thread-2 eu.qualimaster.algorithms.imp.correlation.results.DataProducerDataHandler - financial
INFO Thread-2 eu.qualimaster.algorithms.imp.correlation.results.DataProducerDataHandler - [producer] Got symbols
INFO Thread-2 eu.qualimaster.algorithms.imp.correlation.results.DataProducerDataHandler - web
INFO Thread-3 eu.qualimaster.algorithms.imp.correlation.results.DataProducerDataHandler - [consumer] got sendSymbolsList
INFO Thread-4 eu.qualimaster.algorithms.imp.correlation.results.DataProducerDataHandler - [consumer] got sendSymbolsList
INFO Thread-4 eu.qualimaster.algorithms.imp.correlation.results.DataProducerDataHandler - [consumer] got startResults
INFO Thread-2 eu.qualimaster.algorithms.imp.correlation.results.DataProducerDataHandler - [producer] Got result: w,symbol1,symbol2,0.44211006653698526
INFO Thread-2 eu.qualimaster.algorithms.imp.correlation.results.DataProducerDataHandler - [producer] Got result: w,symbol1,symbol2,0.9161512821254069
INFO Thread-2 eu.qualimaster.algorithms.imp.correlation.results.DataProducerDataHandler - [producer] Got result: w,symbol1,symbol2,0.966815142401309
INFO Thread-2 eu.qualimaster.algorithms.imp.correlation.results.DataProducerDataHandler - [producer] Got result: w,symbol1,symbol2,0.11375190301665872
INFO Thread-2 eu.qualimaster.algorithms.imp.correlation.results.DataProducerDataHandler - [producer] Got result: w,symbol1,symbol2,0.8484178933515532
INFO Thread-3 eu.qualimaster.algorithms.imp.correlation.results.DataProducerDataHandler - [consumer] got startResults
INFO Thread-2 eu.qualimaster.algorithms.imp.correlation.results.DataProducerDataHandler - [producer] Got result: f,symbol1,symbol2,0.5595779031870417
INFO Thread-2 eu.qualimaster.algorithms.imp.correlation.results.DataProducerDataHandler - [producer] Got result: f,symbol1,symbol2,0.95017710835408
INFO Thread-2 eu.qualimaster.algorithms.imp.correlation.results.DataProducerDataHandler - [producer] Got result: w,symbol1,symbol2,0.9167228607789615
INFO Thread-2 eu.qualimaster.algorithms.imp.correlation.results.DataProducerDataHandler - [producer] Got result: f,symbol1,symbol2,0.8191768869930518
INFO Thread-2 eu.qualimaster.algorithms.imp.correlation.results.DataProducerDataHandler - [producer] Got result: f,symbol1,symbol2,0.44744720050770215
INFO Thread-4 eu.qualimaster.algorithms.imp.correlation.results.DataProducerDataHandler - [consumer] got stopResults
INFO Thread-2 eu.qualimaster.algorithms.imp.correlation.results.DataProducerDataHandler - [producer] Got result: f,symbol1,symbol2,0.6888712784135467
INFO Thread-2 eu.qualimaster.algorithms.imp.correlation.results.DataProducerDataHandler - [producer] Got result: f,symbol1,symbol2,0.7220074740325252
INFO Thread-2 eu.qualimaster.algorithms.imp.correlation.results.DataProducerDataHandler - [producer] Got result: f,symbol1,symbol2,0.9209591878284736
INFO Thread-2 eu.qualimaster.algorithms.imp.correlation.results.DataProducerDataHandler - [producer] Got result: w,symbol1,symbol2,0.4869474251941732
INFO Thread-2 eu.qualimaster.algorithms.imp.correlation.results.DataProducerDataHandler - [producer] Got result: w,symbol1,symbol2,0.5072127533628178
ERROR Thread-3 eu.qualimaster.algorithms.imp.correlation.results.DataProducerDataHandler - Socket is closed
java.net.SocketException: Socket is closed
	at java.net.Socket.getOutputStream(Socket.java:916)
	at eu.qualimaster.algorithms.imp.correlation.results.DataConsumerDataHandler.run(DataConsumerDataHandler.java:68)
	at java.lang.Thread.run(Thread.java:745)
INFO Thread-0 eu.qualimaster.algorithms.imp.correlation.results.Server - Server started. Waiting for connections
INFO Thread-1 eu.qualimaster.algorithms.imp.correlation.results.Server - Server started. Waiting for connections
INFO Thread-2 eu.qualimaster.algorithms.imp.correlation.results.DataProducerDataHandler - eu.qualimaster.algorithms.imp.correlation.results.DataProducerDataHandler started.
INFO Thread-3 eu.qualimaster.algorithms.imp.correlation.results.DataProducerDataHandler - eu.qualimaster.algorithms.imp.correlation.results.DataConsumerDataHandler started.
INFO Thread-4 eu.qualimaster.algorithms.imp.correlation.results.DataProducerDataHandler - eu.qualimaster.algorithms.imp.correlation.results.DataConsumerDataHandler started.
INFO Thread-2 eu.qualimaster.algorithms.imp.correlation.results.DataProducerDataHandler - [producer] Got symbols
INFO Thread-2 eu.qualimaster.algorithms.imp.correlation.results.DataProducerDataHandler - web
INFO Thread-2 eu.qualimaster.algorithms.imp.correlation.results.DataProducerDataHandler - [producer] Got symbols
INFO Thread-2 eu.qualimaster.algorithms.imp.correlation.results.DataProducerDataHandler - financial
INFO Thread-3 eu.qualimaster.algorithms.imp.correlation.results.DataProducerDataHandler - [consumer] got sendSymbolsList
INFO Thread-4 eu.qualimaster.algorithms.imp.correlation.results.DataProducerDataHandler - [consumer] got sendSymbolsList
INFO Thread-3 eu.qualimaster.algorithms.imp.correlation.results.DataProducerDataHandler - [consumer] got startResults
INFO Thread-2 eu.qualimaster.algorithms.imp.correlation.results.DataProducerDataHandler - [producer] Got result: f,symbol1,symbol2,0.6478851468815298
INFO Thread-2 eu.qualimaster.algorithms.imp.correlation.results.DataProducerDataHandler - [producer] Got result: w,symbol1,symbol2,0.4927998362528574
INFO Thread-2 eu.qualimaster.algorithms.imp.correlation.results.DataProducerDataHandler - [producer] Got result: w,symbol1,symbol2,0.7770668643508063
INFO Thread-2 eu.qualimaster.algorithms.imp.correlation.results.DataProducerDataHandler - [producer] Got result: w,symbol1,symbol2,0.9846742781014441
INFO Thread-2 eu.qualimaster.algorithms.imp.correlation.results.DataProducerDataHandler - [producer] Got result: w,symbol1,symbol2,0.6968925428592221
INFO Thread-4 eu.qualimaster.algorithms.imp.correlation.results.DataProducerDataHandler - [consumer] got startResults
INFO Thread-2 eu.qualimaster.algorithms.imp.correlation.results.DataProducerDataHandler - [producer] Got result: f,symbol1,symbol2,0.9509530953542134
INFO Thread-2 eu.qualimaster.algorithms.imp.correlation.results.DataProducerDataHandler - [producer] Got result: f,symbol1,symbol2,0.8660348337077123
INFO Thread-2 eu.qualimaster.algorithms.imp.correlation.results.DataProducerDataHandler - [producer] Got result: f,symbol1,symbol2,0.32723208304067897
INFO Thread-2 eu.qualimaster.algorithms.imp.correlation.results.DataProducerDataHandler - [producer] Got result: f,symbol1,symbol2,0.6668893732245049
INFO Thread-2 eu.qualimaster.algorithms.imp.correlation.results.DataProducerDataHandler - [producer] Got result: f,symbol1,symbol2,0.0657253124427295
INFO Thread-3 eu.qualimaster.algorithms.imp.correlation.results.DataProducerDataHandler - [consumer] got stopResults
INFO Thread-2 eu.qualimaster.algorithms.imp.correlation.results.DataProducerDataHandler - [producer] Got result: w,symbol1,symbol2,0.4108056290165244
INFO Thread-2 eu.qualimaster.algorithms.imp.correlation.results.DataProducerDataHandler - [producer] Got result: w,symbol1,symbol2,0.3233250565596313
INFO Thread-2 eu.qualimaster.algorithms.imp.correlation.results.DataProducerDataHandler - [producer] Got result: w,symbol1,symbol2,0.5630218252514156
INFO Thread-2 eu.qualimaster.algorithms.imp.correlation.results.DataProducerDataHandler - [producer] Got result: w,symbol1,symbol2,0.630173235735551
INFO Thread-2 eu.qualimaster.algorithms.imp.correlation.results.DataProducerDataHandler - [producer] Got result: w,symbol1,symbol2,0.24918357648107625
ERROR Thread-4 eu.qualimaster.algorithms.imp.correlation.results.DataProducerDataHandler - Socket is closed
java.net.SocketException: Socket is closed
	at java.net.Socket.getOutputStream(Socket.java:916)
	at eu.qualimaster.algorithms.imp.correlation.results.DataConsumerDataHandler.run(DataConsumerDataHandler.java:68)
	at java.lang.Thread.run(Thread.java:745)
INFO Thread-3 eu.qualimaster.algorithms.imp.correlation.results.DataProducerDataHandler - [consumer] got startResults
INFO Thread-2 eu.qualimaster.algorithms.imp.correlation.results.DataProducerDataHandler - [producer] Got result: f,symbol1,symbol2,0.44733573349861977
INFO Thread-2 eu.qualimaster.algorithms.imp.correlation.results.DataProducerDataHandler - [producer] Got result: f,symbol1,symbol2,0.43981726638516794
INFO Thread-2 eu.qualimaster.algorithms.imp.correlation.results.DataProducerDataHandler - [producer] Got result: f,symbol1,symbol2,0.9426308811412092
INFO Thread-2 eu.qualimaster.algorithms.imp.correlation.results.DataProducerDataHandler - [producer] Got result: f,symbol1,symbol2,0.7343559437550792
INFO Thread-2 eu.qualimaster.algorithms.imp.correlation.results.DataProducerDataHandler - [producer] Got result: f,symbol1,symbol2,0.5425337170098214
INFO Thread-5 eu.qualimaster.algorithms.imp.correlation.results.DataProducerDataHandler - eu.qualimaster.algorithms.imp.correlation.results.DataConsumerDataHandler started.
INFO Thread-5 eu.qualimaster.algorithms.imp.correlation.results.DataProducerDataHandler - [consumer] got sendSymbolsList
INFO Thread-5 eu.qualimaster.algorithms.imp.correlation.results.DataProducerDataHandler - [consumer] got startResults
INFO Thread-2 eu.qualimaster.algorithms.imp.correlation.results.DataProducerDataHandler - [producer] Got result: w,symbol1,symbol2,0.1059094970880381
INFO Thread-2 eu.qualimaster.algorithms.imp.correlation.results.DataProducerDataHandler - [producer] Got result: w,symbol1,symbol2,0.3368039924653399
INFO Thread-2 eu.qualimaster.algorithms.imp.correlation.results.DataProducerDataHandler - [producer] Got result: w,symbol1,symbol2,0.3736912819332303
INFO Thread-2 eu.qualimaster.algorithms.imp.correlation.results.DataProducerDataHandler - [producer] Got result: w,symbol1,symbol2,0.655638698611029
INFO Thread-2 eu.qualimaster.algorithms.imp.correlation.results.DataProducerDataHandler - [producer] Got result: w,symbol1,symbol2,0.17174047837115003
INFO Thread-3 eu.qualimaster.algorithms.imp.correlation.results.DataProducerDataHandler - [consumer] got stopResults
INFO Thread-2 eu.qualimaster.algorithms.imp.correlation.results.DataProducerDataHandler - [producer] Got result: f,symbol1,symbol2,0.7444236937395453
INFO Thread-2 eu.qualimaster.algorithms.imp.correlation.results.DataProducerDataHandler - [producer] Got result: f,symbol1,symbol2,0.23832468949716
INFO Thread-2 eu.qualimaster.algorithms.imp.correlation.results.DataProducerDataHandler - [producer] Got result: f,symbol1,symbol2,0.019375502929292687
INFO Thread-2 eu.qualimaster.algorithms.imp.correlation.results.DataProducerDataHandler - [producer] Got result: f,symbol1,symbol2,0.4962993990865717
INFO Thread-2 eu.qualimaster.algorithms.imp.correlation.results.DataProducerDataHandler - [producer] Got result: f,symbol1,symbol2,0.6924675699214954
ERROR Thread-3 eu.qualimaster.algorithms.imp.correlation.results.DataProducerDataHandler - Socket is closed
java.net.SocketException: Socket is closed
	at java.net.Socket.getOutputStream(Socket.java:916)
	at eu.qualimaster.algorithms.imp.correlation.results.DataConsumerDataHandler.run(DataConsumerDataHandler.java:68)
	at java.lang.Thread.run(Thread.java:745)
INFO Thread-5 eu.qualimaster.algorithms.imp.correlation.results.DataProducerDataHandler - [consumer] got stopResults
INFO Thread-5 eu.qualimaster.algorithms.imp.correlation.results.DataProducerDataHandler - [consumer] got sendSymbolsList
INFO Thread-5 eu.qualimaster.algorithms.imp.correlation.results.DataProducerDataHandler - [consumer] got startResults
INFO Thread-2 eu.qualimaster.algorithms.imp.correlation.results.DataProducerDataHandler - [producer] Got result: w,symbol1,symbol2,0.4950014360237185
INFO Thread-2 eu.qualimaster.algorithms.imp.correlation.results.DataProducerDataHandler - [producer] Got result: w,symbol1,symbol2,0.8530956799648648
INFO Thread-2 eu.qualimaster.algorithms.imp.correlation.results.DataProducerDataHandler - [producer] Got result: w,symbol1,symbol2,0.7813427899053517
INFO Thread-2 eu.qualimaster.algorithms.imp.correlation.results.DataProducerDataHandler - [producer] Got result: w,symbol1,symbol2,0.3371516847984569
INFO Thread-2 eu.qualimaster.algorithms.imp.correlation.results.DataProducerDataHandler - [producer] Got result: w,symbol1,symbol2,0.9321575140167057
INFO Thread-6 eu.qualimaster.algorithms.imp.correlation.results.DataProducerDataHandler - eu.qualimaster.algorithms.imp.correlation.results.DataConsumerDataHandler started.
INFO Thread-6 eu.qualimaster.algorithms.imp.correlation.results.DataProducerDataHandler - [consumer] got sendSymbolsList
INFO Thread-6 eu.qualimaster.algorithms.imp.correlation.results.DataProducerDataHandler - [consumer] got startResults
INFO Thread-2 eu.qualimaster.algorithms.imp.correlation.results.DataProducerDataHandler - [producer] Got result: f,symbol1,symbol2,0.8048606025729209
INFO Thread-2 eu.qualimaster.algorithms.imp.correlation.results.DataProducerDataHandler - [producer] Got result: f,symbol1,symbol2,0.6601720059812883
INFO Thread-2 eu.qualimaster.algorithms.imp.correlation.results.DataProducerDataHandler - [producer] Got result: f,symbol1,symbol2,0.4933420795576201
INFO Thread-2 eu.qualimaster.algorithms.imp.correlation.results.DataProducerDataHandler - [producer] Got result: f,symbol1,symbol2,0.27897352232226813
INFO Thread-2 eu.qualimaster.algorithms.imp.correlation.results.DataProducerDataHandler - [producer] Got result: f,symbol1,symbol2,0.6679509332020253
INFO Thread-5 eu.qualimaster.algorithms.imp.correlation.results.DataProducerDataHandler - [consumer] got stopResults
INFO Thread-5 eu.qualimaster.algorithms.imp.correlation.results.DataProducerDataHandler - [consumer] got startResults
INFO Thread-2 eu.qualimaster.algorithms.imp.correlation.results.DataProducerDataHandler - [producer] Got result: w,symbol1,symbol2,0.13292720582985784
INFO Thread-2 eu.qualimaster.algorithms.imp.correlation.results.DataProducerDataHandler - [producer] Got result: w,symbol1,symbol2,0.1307296435078159
INFO Thread-2 eu.qualimaster.algorithms.imp.correlation.results.DataProducerDataHandler - [producer] Got result: w,symbol1,symbol2,0.44914683913400055
INFO Thread-2 eu.qualimaster.algorithms.imp.correlation.results.DataProducerDataHandler - [producer] Got result: w,symbol1,symbol2,0.4705880130464264
INFO Thread-2 eu.qualimaster.algorithms.imp.correlation.results.DataProducerDataHandler - [producer] Got result: w,symbol1,symbol2,0.6114900989484393
INFO Thread-6 eu.qualimaster.algorithms.imp.correlation.results.DataProducerDataHandler - [consumer] got stopResults
INFO Thread-2 eu.qualimaster.algorithms.imp.correlation.results.DataProducerDataHandler - [producer] Got result: f,symbol1,symbol2,0.47705792474965025
INFO Thread-2 eu.qualimaster.algorithms.imp.correlation.results.DataProducerDataHandler - [producer] Got result: f,symbol1,symbol2,0.5803834853656679
INFO Thread-2 eu.qualimaster.algorithms.imp.correlation.results.DataProducerDataHandler - [producer] Got result: f,symbol1,symbol2,0.15972267874556922
INFO Thread-2 eu.qualimaster.algorithms.imp.correlation.results.DataProducerDataHandler - [producer] Got result: f,symbol1,symbol2,0.1544702207899612
INFO Thread-2 eu.qualimaster.algorithms.imp.correlation.results.DataProducerDataHandler - [producer] Got result: f,symbol1,symbol2,0.6938883505087946
ERROR Thread-5 eu.qualimaster.algorithms.imp.correlation.results.DataProducerDataHandler - Socket is closed
java.net.SocketException: Socket is closed
	at java.net.Socket.getOutputStream(Socket.java:916)
	at eu.qualimaster.algorithms.imp.correlation.results.DataConsumerDataHandler.run(DataConsumerDataHandler.java:68)
	at java.lang.Thread.run(Thread.java:745)
INFO Thread-6 eu.qualimaster.algorithms.imp.correlation.results.DataProducerDataHandler - [consumer] got startResults
INFO Thread-2 eu.qualimaster.algorithms.imp.correlation.results.DataProducerDataHandler - [producer] Got result: f,symbol1,symbol2,0.8861203275505896
INFO Thread-2 eu.qualimaster.algorithms.imp.correlation.results.DataProducerDataHandler - [producer] Got result: f,symbol1,symbol2,0.8780679402322286
INFO Thread-2 eu.qualimaster.algorithms.imp.correlation.results.DataProducerDataHandler - [producer] Got result: f,symbol1,symbol2,0.6963822447493598
INFO Thread-2 eu.qualimaster.algorithms.imp.correlation.results.DataProducerDataHandler - [producer] Got result: f,symbol1,symbol2,0.07183270606770031
INFO Thread-2 eu.qualimaster.algorithms.imp.correlation.results.DataProducerDataHandler - [producer] Got result: f,symbol1,symbol2,0.8877451974176719
INFO Thread-2 eu.qualimaster.algorithms.imp.correlation.results.DataProducerDataHandler - [producer] Got result: f,symbol1,symbol2,0.26812131019184593
INFO Thread-2 eu.qualimaster.algorithms.imp.correlation.results.DataProducerDataHandler - [producer] Got result: f,symbol1,symbol2,0.20500500584238435
INFO Thread-2 eu.qualimaster.algorithms.imp.correlation.results.DataProducerDataHandler - [producer] Got result: f,symbol1,symbol2,0.8298783244346195
INFO Thread-2 eu.qualimaster.algorithms.imp.correlation.results.DataProducerDataHandler - [producer] Got result: f,symbol1,symbol2,0.5535904507549152
INFO Thread-2 eu.qualimaster.algorithms.imp.correlation.results.DataProducerDataHandler - [producer] Got result: f,symbol1,symbol2,0.3277439371286659
ERROR Thread-6 eu.qualimaster.algorithms.imp.correlation.results.DataProducerDataHandler - Socket is closed
java.net.SocketException: Socket is closed
	at java.net.Socket.getOutputStream(Socket.java:916)
	at eu.qualimaster.algorithms.imp.correlation.results.DataConsumerDataHandler.run(DataConsumerDataHandler.java:68)
	at java.lang.Thread.run(Thread.java:745)
INFO Thread-2 eu.qualimaster.algorithms.imp.correlation.results.DataProducerDataHandler - [producer] Got result: f,symbol1,symbol2,0.7370455658773195
INFO Thread-2 eu.qualimaster.algorithms.imp.correlation.results.DataProducerDataHandler - [producer] Got result: f,symbol1,symbol2,0.8973763422035053
INFO Thread-2 eu.qualimaster.algorithms.imp.correlation.results.DataProducerDataHandler - [producer] Got result: f,symbol1,symbol2,0.23523376564857768
INFO Thread-2 eu.qualimaster.algorithms.imp.correlation.results.DataProducerDataHandler - [producer] Got result: f,symbol1,symbol2,0.0889331561348976
INFO Thread-2 eu.qualimaster.algorithms.imp.correlation.results.DataProducerDataHandler - [producer] Got result: f,symbol1,symbol2,0.30461410806651057
INFO Thread-2 eu.qualimaster.algorithms.imp.correlation.results.DataProducerDataHandler - [producer] Got result: f,symbol1,symbol2,0.5074589960944638
INFO Thread-2 eu.qualimaster.algorithms.imp.correlation.results.DataProducerDataHandler - [producer] Got result: f,symbol1,symbol2,0.062146965453447334
INFO Thread-2 eu.qualimaster.algorithms.imp.correlation.results.DataProducerDataHandler - [producer] Got result: f,symbol1,symbol2,0.794745942185143
INFO Thread-2 eu.qualimaster.algorithms.imp.correlation.results.DataProducerDataHandler - [producer] Got result: f,symbol1,symbol2,0.3136490363995088
INFO Thread-2 eu.qualimaster.algorithms.imp.correlation.results.DataProducerDataHandler - [producer] Got symbols
INFO Thread-2 eu.qualimaster.algorithms.imp.correlation.results.DataProducerDataHandler - financial
INFO Thread-2 eu.qualimaster.algorithms.imp.correlation.results.DataProducerDataHandler - [producer] Got symbols
INFO Thread-2 eu.qualimaster.algorithms.imp.correlation.results.DataProducerDataHandler - web
INFO Thread-7 eu.qualimaster.algorithms.imp.correlation.results.DataProducerDataHandler - eu.qualimaster.algorithms.imp.correlation.results.DataConsumerDataHandler started.
INFO Thread-7 eu.qualimaster.algorithms.imp.correlation.results.DataProducerDataHandler - [consumer] got sendSymbolsList
INFO Thread-7 eu.qualimaster.algorithms.imp.correlation.results.DataProducerDataHandler - [consumer] got startResults
INFO Thread-2 eu.qualimaster.algorithms.imp.correlation.results.DataProducerDataHandler - [producer] Got result: w,symbol1,symbol2,0.03709725614295911
INFO Thread-2 eu.qualimaster.algorithms.imp.correlation.results.DataProducerDataHandler - [producer] Got result: w,symbol1,symbol2,0.6324923549414397
INFO Thread-2 eu.qualimaster.algorithms.imp.correlation.results.DataProducerDataHandler - [producer] Got result: w,symbol1,symbol2,0.3089007353509272
INFO Thread-2 eu.qualimaster.algorithms.imp.correlation.results.DataProducerDataHandler - [producer] Got result: w,symbol1,symbol2,0.0903135106802615
INFO Thread-2 eu.qualimaster.algorithms.imp.correlation.results.DataProducerDataHandler - [producer] Got result: w,symbol1,symbol2,0.29170490681068384
INFO Thread-2 eu.qualimaster.algorithms.imp.correlation.results.DataProducerDataHandler - [producer] Got result: f,symbol1,symbol2,0.42087323053885217
INFO Thread-2 eu.qualimaster.algorithms.imp.correlation.results.DataProducerDataHandler - [producer] Got result: f,symbol1,symbol2,0.208405576656155
INFO Thread-2 eu.qualimaster.algorithms.imp.correlation.results.DataProducerDataHandler - [producer] Got result: f,symbol1,symbol2,0.6725184525038657
INFO Thread-2 eu.qualimaster.algorithms.imp.correlation.results.DataProducerDataHandler - [producer] Got result: f,symbol1,symbol2,0.3511413590670539
INFO Thread-2 eu.qualimaster.algorithms.imp.correlation.results.DataProducerDataHandler - [producer] Got result: f,symbol1,symbol2,0.3131033409898224
ERROR Thread-2 eu.qualimaster.algorithms.imp.correlation.results.DataProducerDataHandler - 
java.io.EOFException
	at java.io.ObjectInputStream$BlockDataInputStream.peekByte(ObjectInputStream.java:2598)
	at java.io.ObjectInputStream.readObject0(ObjectInputStream.java:1318)
	at java.io.ObjectInputStream.readObject(ObjectInputStream.java:370)
	at eu.qualimaster.algorithms.imp.correlation.results.DataProducerDataHandler.run(DataProducerDataHandler.java:34)
	at java.lang.Thread.run(Thread.java:745)
ERROR Thread-2 eu.qualimaster.algorithms.imp.correlation.results.DataProducerDataHandler - Socket is closed
java.net.SocketException: Socket is closed
	at java.net.Socket.getOutputStream(Socket.java:916)
	at eu.qualimaster.algorithms.imp.correlation.results.DataProducerDataHandler.run(DataProducerDataHandler.java:67)
	at java.lang.Thread.run(Thread.java:745)
INFO Thread-7 eu.qualimaster.algorithms.imp.correlation.results.DataProducerDataHandler - [consumer] got sendSymbolsList
INFO Thread-7 eu.qualimaster.algorithms.imp.correlation.results.DataProducerDataHandler - [consumer] got startResults
INFO Thread-8 eu.qualimaster.algorithms.imp.correlation.results.DataProducerDataHandler - eu.qualimaster.algorithms.imp.correlation.results.DataProducerDataHandler started.
INFO Thread-8 eu.qualimaster.algorithms.imp.correlation.results.DataProducerDataHandler - [producer] Got result: f,symbol1,symbol2,0.6222343080121722
INFO Thread-8 eu.qualimaster.algorithms.imp.correlation.results.DataProducerDataHandler - [producer] Got result: f,symbol1,symbol2,0.27789429796634435
INFO Thread-8 eu.qualimaster.algorithms.imp.correlation.results.DataProducerDataHandler - [producer] Got result: f,symbol1,symbol2,0.5182979419680578
INFO Thread-8 eu.qualimaster.algorithms.imp.correlation.results.DataProducerDataHandler - [producer] Got result: f,symbol1,symbol2,0.052011771252062355
INFO Thread-8 eu.qualimaster.algorithms.imp.correlation.results.DataProducerDataHandler - [producer] Got result: f,symbol1,symbol2,0.026837973863114817
INFO Thread-8 eu.qualimaster.algorithms.imp.correlation.results.DataProducerDataHandler - [producer] Got result: f,symbol1,symbol2,0.6713119905004563
INFO Thread-8 eu.qualimaster.algorithms.imp.correlation.results.DataProducerDataHandler - [producer] Got result: f,symbol1,symbol2,0.2865989113884395
INFO Thread-8 eu.qualimaster.algorithms.imp.correlation.results.DataProducerDataHandler - [producer] Got result: f,symbol1,symbol2,0.13152044862263057
INFO Thread-8 eu.qualimaster.algorithms.imp.correlation.results.DataProducerDataHandler - [producer] Got result: f,symbol1,symbol2,0.6073131914149273
INFO Thread-8 eu.qualimaster.algorithms.imp.correlation.results.DataProducerDataHandler - [producer] Got result: f,symbol1,symbol2,0.20421827894934175
INFO Thread-7 eu.qualimaster.algorithms.imp.correlation.results.DataProducerDataHandler - [consumer] got sendSymbolsList
ERROR Thread-8 eu.qualimaster.algorithms.imp.correlation.results.DataProducerDataHandler - 
java.io.EOFException
	at java.io.ObjectInputStream$BlockDataInputStream.peekByte(ObjectInputStream.java:2598)
	at java.io.ObjectInputStream.readObject0(ObjectInputStream.java:1318)
	at java.io.ObjectInputStream.readObject(ObjectInputStream.java:370)
	at eu.qualimaster.algorithms.imp.correlation.results.DataProducerDataHandler.run(DataProducerDataHandler.java:34)
	at java.lang.Thread.run(Thread.java:745)
ERROR Thread-8 eu.qualimaster.algorithms.imp.correlation.results.DataProducerDataHandler - Socket is closed
java.net.SocketException: Socket is closed
	at java.net.Socket.getOutputStream(Socket.java:916)
	at eu.qualimaster.algorithms.imp.correlation.results.DataProducerDataHandler.run(DataProducerDataHandler.java:67)
	at java.lang.Thread.run(Thread.java:745)
ERROR Thread-7 eu.qualimaster.algorithms.imp.correlation.results.DataProducerDataHandler - Socket is closed
java.net.SocketException: Socket is closed
	at java.net.Socket.getOutputStream(Socket.java:916)
	at eu.qualimaster.algorithms.imp.correlation.results.DataConsumerDataHandler.run(DataConsumerDataHandler.java:68)
	at java.lang.Thread.run(Thread.java:745)
INFO Thread-9 eu.qualimaster.algorithms.imp.correlation.results.DataProducerDataHandler - eu.qualimaster.algorithms.imp.correlation.results.DataProducerDataHandler started.
